[01m[K/home/wrdev/workspace/ros2_ws/src/example_pkg_c/src/rrt_marker.cpp:[m[K In member function â€˜[01m[Kvoid DisplayRRT::timer_callback()[m[Kâ€™:
[01m[K/home/wrdev/workspace/ros2_ws/src/example_pkg_c/src/rrt_marker.cpp:77:35:[m[K [01;31m[Kerror: [m[Kâ€˜[01m[Kf[m[Kâ€™ was not declared in this scope
   77 |                 float y = 5 * sin([01;31m[Kf[m[K + i / 100.0f * 2 * M_PI);
      |                                   [01;31m[K^[m[K
[01m[K/home/wrdev/workspace/ros2_ws/src/example_pkg_c/src/rrt_marker.cpp:100:16:[m[K [01;35m[Kwarning: [m[Kunused variable â€˜[01m[Kcount_[m[Kâ€™ [[01;35m[K-Wunused-variable[m[K]
  100 |         size_t [01;35m[Kcount_[m[K;
      |                [01;35m[K^~~~~~[m[K
make[2]: *** [CMakeFiles/ros2_example.dir/build.make:76: CMakeFiles/ros2_example.dir/src/rrt_marker.cpp.o] Error 1
make[1]: *** [CMakeFiles/Makefile2:137: CMakeFiles/ros2_example.dir/all] Error 2
make: *** [Makefile:146: all] Error 2
