[0.020s] Invoking command in '/home/wrdev/workspace/ros2_ws/build/example_pkg_c': CMAKE_PREFIX_PATH=/opt/ros/galactic /usr/bin/cmake --build /home/wrdev/workspace/ros2_ws/build/example_pkg_c -- -j4 -l4
[0.037s] -- Found ament_cmake: 1.1.6 (/opt/ros/galactic/share/ament_cmake/cmake)
[0.060s] -- Using PYTHON_EXECUTABLE: /usr/bin/python3
[0.123s] -- Found rclcpp: 9.2.2 (/opt/ros/galactic/share/rclcpp/cmake)
[0.161s] -- Using all available rosidl_typesupport_c: rosidl_typesupport_fastrtps_c;rosidl_typesupport_introspection_c
[0.165s] -- Found rosidl_adapter: 2.2.3 (/opt/ros/galactic/share/rosidl_adapter/cmake)
[0.294s] -- Using all available rosidl_typesupport_cpp: rosidl_typesupport_fastrtps_cpp;rosidl_typesupport_introspection_cpp
[0.340s] -- Found rmw_implementation_cmake: 3.3.1 (/opt/ros/galactic/share/rmw_implementation_cmake/cmake)
[0.342s] -- Found rmw_cyclonedds_cpp: 0.22.6 (/opt/ros/galactic/share/rmw_cyclonedds_cpp/cmake)
[0.359s] -- Using RMW implementation 'rmw_cyclonedds_cpp' as default
[0.481s] -- Found visualization_msgs: 2.2.4 (/opt/ros/galactic/share/visualization_msgs/cmake)
[0.638s] -- Configuring done
[0.649s] -- Generating done
[0.651s] -- Build files have been written to: /home/wrdev/workspace/ros2_ws/build/example_pkg_c
[0.670s] [ 50%] [32mBuilding CXX object CMakeFiles/ros2_example.dir/src/rrt_marker.cpp.o[0m
[2.472s] [01m[K/home/wrdev/workspace/ros2_ws/src/example_pkg_c/src/rrt_marker.cpp:[m[K In member function â€˜[01m[Kvoid DisplayRRT::timer_callback()[m[Kâ€™:
[2.472s] [01m[K/home/wrdev/workspace/ros2_ws/src/example_pkg_c/src/rrt_marker.cpp:77:35:[m[K [01;31m[Kerror: [m[Kâ€˜[01m[Kf[m[Kâ€™ was not declared in this scope
[2.472s]    77 |                 float y = 5 * sin([01;31m[Kf[m[K + i / 100.0f * 2 * M_PI);
[2.472s]       |                                   [01;31m[K^[m[K
[2.483s] [01m[K/home/wrdev/workspace/ros2_ws/src/example_pkg_c/src/rrt_marker.cpp:100:16:[m[K [01;35m[Kwarning: [m[Kunused variable â€˜[01m[Kcount_[m[Kâ€™ [[01;35m[K-Wunused-variable[m[K]
[2.483s]   100 |         size_t [01;35m[Kcount_[m[K;
[2.483s]       |                [01;35m[K^~~~~~[m[K
[3.243s] make[2]: *** [CMakeFiles/ros2_example.dir/build.make:76: CMakeFiles/ros2_example.dir/src/rrt_marker.cpp.o] Error 1
[3.243s] make[1]: *** [CMakeFiles/Makefile2:137: CMakeFiles/ros2_example.dir/all] Error 2
[3.244s] make: *** [Makefile:146: all] Error 2
[3.245s] Invoked command in '/home/wrdev/workspace/ros2_ws/build/example_pkg_c' returned '2': CMAKE_PREFIX_PATH=/opt/ros/galactic /usr/bin/cmake --build /home/wrdev/workspace/ros2_ws/build/example_pkg_c -- -j4 -l4
