[ 50%] [32mBuilding CXX object CMakeFiles/ros2_example.dir/src/marker.cpp.o[0m
[01m[K/home/wrdev/workspace/ros2_ws/src/example_pkg_c/src/marker.cpp:[m[K In function â€˜[01m[Kint main(int, char**)[m[Kâ€™:
[01m[K/home/wrdev/workspace/ros2_ws/src/example_pkg_c/src/marker.cpp:32:94:[m[K [01;31m[Kerror: [m[Kexpected primary-expression before â€˜[01m[K([m[Kâ€™ token
   32 | ne_strip.header.stamp = line_list.header.stamp = rclcpp::Time[01;31m[K([m[Kconst rclcpp::Node::now());
      |                                                              [01;31m[K^[m[K

[01m[K/home/wrdev/workspace/ros2_ws/src/example_pkg_c/src/marker.cpp:32:95:[m[K [01;31m[Kerror: [m[Kexpected primary-expression before â€˜[01m[Kconst[m[Kâ€™
   32 | e_strip.header.stamp = line_list.header.stamp = rclcpp::Time([01;31m[Kconst[m[K rclcpp::Node::now());
      |                                                              [01;31m[K^~~~~[m[K

make[2]: *** [CMakeFiles/ros2_example.dir/build.make:76: CMakeFiles/ros2_example.dir/src/marker.cpp.o] Error 1
make[1]: *** [CMakeFiles/Makefile2:137: CMakeFiles/ros2_example.dir/all] Error 2
make: *** [Makefile:146: all] Error 2
