-- Found ament_cmake: 1.1.6 (/opt/ros/galactic/share/ament_cmake/cmake)
-- Using PYTHON_EXECUTABLE: /usr/bin/python3
-- Found rclcpp: 9.2.2 (/opt/ros/galactic/share/rclcpp/cmake)
-- Using all available rosidl_typesupport_c: rosidl_typesupport_fastrtps_c;rosidl_typesupport_introspection_c
-- Found rosidl_adapter: 2.2.3 (/opt/ros/galactic/share/rosidl_adapter/cmake)
-- Using all available rosidl_typesupport_cpp: rosidl_typesupport_fastrtps_cpp;rosidl_typesupport_introspection_cpp
-- Found rmw_implementation_cmake: 3.3.1 (/opt/ros/galactic/share/rmw_implementation_cmake/cmake)
-- Found rmw_cyclonedds_cpp: 0.22.6 (/opt/ros/galactic/share/rmw_cyclonedds_cpp/cmake)
-- Using RMW implementation 'rmw_cyclonedds_cpp' as default
-- Configuring done
-- Generating done
-- Build files have been written to: /home/wrdev/workspace/ros2_ws/build/example_pkg_c
[ 50%] [32mBuilding CXX object CMakeFiles/ros2_example.dir/src/example.cpp.o[0m
[01m[K/home/wrdev/workspace/ros2_ws/src/example_pkg_c/src/example.cpp:[m[K In constructor â€˜[01m[KHelloPublisher::HelloPublisher()[m[Kâ€™:
[01m[K/home/wrdev/workspace/ros2_ws/src/example_pkg_c/src/example.cpp:11:62:[m[K [01;31m[Kerror: [m[Kfound â€˜[01m[K:[m[Kâ€™ in nested-name-specifier, expected â€˜[01m[K::[m[Kâ€™
   11 |             publisher_ = this->create_publisher<std_msgs::msg[01;31m[K:[m[KString>("topic",10);
      |                                                              [01;31m[K^[m[K
      |                                                              [32m[K::[m[K
[01m[K/home/wrdev/workspace/ros2_ws/src/example_pkg_c/src/example.cpp:12:46:[m[K [01;31m[Kerror: [m[Kunable to find numeric literal operator â€˜[01m[Koperator""ms[m[Kâ€™
   12 |             timer_ = this->create_wall_timer([01;31m[K500ms[m[K, std::bind(&HelloPublisher::timer_callback, this));
      |                                              [01;31m[K^~~~~[m[K
[01m[K/home/wrdev/workspace/ros2_ws/src/example_pkg_c/src/example.cpp:12:80:[m[K [01;31m[Kerror: [m[Kâ€˜[01m[Ktimer_callback[m[Kâ€™ is not a member of â€˜[01m[KHelloPublisher[m[Kâ€™
   12 |  = this->create_wall_timer(500ms, std::bind(&HelloPublisher::[01;31m[Ktimer_callback[m[K, this));
      |                                                              [01;31m[K^~~~~~~~~~~~~~[m[K

make[2]: *** [CMakeFiles/ros2_example.dir/build.make:76: CMakeFiles/ros2_example.dir/src/example.cpp.o] Error 1
make[1]: *** [CMakeFiles/Makefile2:137: CMakeFiles/ros2_example.dir/all] Error 2
make: *** [Makefile:146: all] Error 2
