[0.021s] Invoking command in '/home/wrdev/workspace/ros2_ws/build/example_pkg_c': CMAKE_PREFIX_PATH=/opt/ros/galactic /usr/bin/cmake --build /home/wrdev/workspace/ros2_ws/build/example_pkg_c -- -j4 -l4
[0.037s] -- Found ament_cmake: 1.1.6 (/opt/ros/galactic/share/ament_cmake/cmake)
[0.059s] -- Using PYTHON_EXECUTABLE: /usr/bin/python3
[0.123s] -- Found rclcpp: 9.2.2 (/opt/ros/galactic/share/rclcpp/cmake)
[0.157s] -- Using all available rosidl_typesupport_c: rosidl_typesupport_fastrtps_c;rosidl_typesupport_introspection_c
[0.160s] -- Found rosidl_adapter: 2.2.3 (/opt/ros/galactic/share/rosidl_adapter/cmake)
[0.291s] -- Using all available rosidl_typesupport_cpp: rosidl_typesupport_fastrtps_cpp;rosidl_typesupport_introspection_cpp
[0.336s] -- Found rmw_implementation_cmake: 3.3.1 (/opt/ros/galactic/share/rmw_implementation_cmake/cmake)
[0.338s] -- Found rmw_cyclonedds_cpp: 0.22.6 (/opt/ros/galactic/share/rmw_cyclonedds_cpp/cmake)
[0.353s] -- Using RMW implementation 'rmw_cyclonedds_cpp' as default
[0.545s] -- Configuring done
[0.554s] -- Generating done
[0.556s] -- Build files have been written to: /home/wrdev/workspace/ros2_ws/build/example_pkg_c
[0.576s] [ 50%] [32mBuilding CXX object CMakeFiles/ros2_example.dir/src/example.cpp.o[0m
[2.195s] [01m[K/home/wrdev/workspace/ros2_ws/src/example_pkg_c/src/example.cpp:[m[K In constructor â€˜[01m[KHelloPublisher::HelloPublisher()[m[Kâ€™:
[2.196s] [01m[K/home/wrdev/workspace/ros2_ws/src/example_pkg_c/src/example.cpp:11:62:[m[K [01;31m[Kerror: [m[Kfound â€˜[01m[K:[m[Kâ€™ in nested-name-specifier, expected â€˜[01m[K::[m[Kâ€™
[2.196s]    11 |             publisher_ = this->create_publisher<std_msgs::msg[01;31m[K:[m[KString>("topic",10);
[2.196s]       |                                                              [01;31m[K^[m[K
[2.196s]       |                                                              [32m[K::[m[K
[2.196s] [01m[K/home/wrdev/workspace/ros2_ws/src/example_pkg_c/src/example.cpp:12:46:[m[K [01;31m[Kerror: [m[Kunable to find numeric literal operator â€˜[01m[Koperator""ms[m[Kâ€™
[2.196s]    12 |             timer_ = this->create_wall_timer([01;31m[K500ms[m[K, std::bind(&HelloPublisher::timer_callback, this));
[2.196s]       |                                              [01;31m[K^~~~~[m[K
[2.196s] [01m[K/home/wrdev/workspace/ros2_ws/src/example_pkg_c/src/example.cpp:12:80:[m[K [01;31m[Kerror: [m[Kâ€˜[01m[Ktimer_callback[m[Kâ€™ is not a member of â€˜[01m[KHelloPublisher[m[Kâ€™
[2.197s]    12 |  = this->create_wall_timer(500ms, std::bind(&HelloPublisher::[01;31m[Ktimer_callback[m[K, this));
[2.197s]       |                                                              [01;31m[K^~~~~~~~~~~~~~[m[K
[2.197s] 
[3.056s] make[2]: *** [CMakeFiles/ros2_example.dir/build.make:76: CMakeFiles/ros2_example.dir/src/example.cpp.o] Error 1
[3.056s] make[1]: *** [CMakeFiles/Makefile2:137: CMakeFiles/ros2_example.dir/all] Error 2
[3.056s] make: *** [Makefile:146: all] Error 2
[3.058s] Invoked command in '/home/wrdev/workspace/ros2_ws/build/example_pkg_c' returned '2': CMAKE_PREFIX_PATH=/opt/ros/galactic /usr/bin/cmake --build /home/wrdev/workspace/ros2_ws/build/example_pkg_c -- -j4 -l4
