[0.023s] Invoking command in '/home/wrdev/workspace/ros2_ws/build/example_pkg_c': CMAKE_PREFIX_PATH=${CMAKE_PREFIX_PATH}:/opt/ros/galactic /usr/bin/cmake --build /home/wrdev/workspace/ros2_ws/build/example_pkg_c -- -j4 -l4
[0.061s] [ 50%] [32mBuilding CXX object CMakeFiles/ros2_example.dir/src/marker.cpp.o[0m
[1.806s] [01m[K/home/wrdev/workspace/ros2_ws/src/example_pkg_c/src/marker.cpp:[m[K In function â€˜[01m[Kint main(int, char**)[m[Kâ€™:
[1.806s] [01m[K/home/wrdev/workspace/ros2_ws/src/example_pkg_c/src/marker.cpp:32:82:[m[K [01;31m[Kerror: [m[Kâ€˜[01m[KTime[m[Kâ€™ was not declared in this scope
[1.806s]    32 | r.stamp = line_strip.header.stamp = line_list.header.stamp = [01;31m[KTime[m[K rclcpp::Node::now();
[1.806s]       |                                                              [01;31m[K^~~~[m[K
[1.806s] 
[1.806s] [01m[K/home/wrdev/workspace/ros2_ws/src/example_pkg_c/src/marker.cpp:32:82:[m[K [01;36m[Knote: [m[Ksuggested alternatives:
[1.807s] In file included from [01m[K/opt/ros/galactic/include/rclcpp/clock.hpp:23[m[K,
[1.807s]                  from [01m[K/opt/ros/galactic/include/rclcpp/timer.hpp:27[m[K,
[1.807s]                  from [01m[K/opt/ros/galactic/include/rclcpp/callback_group.hpp:27[m[K,
[1.807s]                  from [01m[K/opt/ros/galactic/include/rclcpp/any_executable.hpp:20[m[K,
[1.807s]                  from [01m[K/opt/ros/galactic/include/rclcpp/memory_strategy.hpp:25[m[K,
[1.807s]                  from [01m[K/opt/ros/galactic/include/rclcpp/memory_strategies.hpp:18[m[K,
[1.807s]                  from [01m[K/opt/ros/galactic/include/rclcpp/executor_options.hpp:20[m[K,
[1.807s]                  from [01m[K/opt/ros/galactic/include/rclcpp/executor.hpp:36[m[K,
[1.807s]                  from [01m[K/opt/ros/galactic/include/rclcpp/executors/multi_threaded_executor.hpp:26[m[K,
[1.807s]                  from [01m[K/opt/ros/galactic/include/rclcpp/executors.hpp:21[m[K,
[1.807s]                  from [01m[K/opt/ros/galactic/include/rclcpp/rclcpp.hpp:156[m[K,
[1.807s]                  from [01m[K/home/wrdev/workspace/ros2_ws/src/example_pkg_c/src/marker.cpp:4[m[K:
[1.807s] [01m[K/opt/ros/galactic/include/rclcpp/time.hpp:31:7:[m[K [01;36m[Knote: [m[K  â€˜[01m[Krclcpp::Time[m[Kâ€™
[1.807s]    31 | class [01;36m[KTime[m[K
[1.808s]       |       [01;36m[K^~~~[m[K
[1.808s] In file included from [01m[K/opt/ros/galactic/include/builtin_interfaces/msg/time.hpp:7[m[K,
[1.808s]                  from [01m[K/opt/ros/galactic/include/rclcpp/time.hpp:18[m[K,
[1.808s]                  from [01m[K/opt/ros/galactic/include/rclcpp/clock.hpp:23[m[K,
[1.808s]                  from [01m[K/opt/ros/galactic/include/rclcpp/timer.hpp:27[m[K,
[1.808s]                  from [01m[K/opt/ros/galactic/include/rclcpp/callback_group.hpp:27[m[K,
[1.808s]                  from [01m[K/opt/ros/galactic/include/rclcpp/any_executable.hpp:20[m[K,
[1.808s]                  from [01m[K/opt/ros/galactic/include/rclcpp/memory_strategy.hpp:25[m[K,
[1.808s]                  from [01m[K/opt/ros/galactic/include/rclcpp/memory_strategies.hpp:18[m[K,
[1.808s]                  from [01m[K/opt/ros/galactic/include/rclcpp/executor_options.hpp:20[m[K,
[1.808s]                  from [01m[K/opt/ros/galactic/include/rclcpp/executor.hpp:36[m[K,
[1.808s]                  from [01m[K/opt/ros/galactic/include/rclcpp/executors/multi_threaded_executor.hpp:26[m[K,
[1.808s]                  from [01m[K/opt/ros/galactic/include/rclcpp/executors.hpp:21[m[K,
[1.808s]                  from [01m[K/opt/ros/galactic/include/rclcpp/rclcpp.hpp:156[m[K,
[1.808s]                  from [01m[K/home/wrdev/workspace/ros2_ws/src/example_pkg_c/src/marker.cpp:4[m[K:
[1.809s] [01m[K/opt/ros/galactic/include/builtin_interfaces/msg/detail/time__struct.hpp:135:7:[m[K [01;36m[Knote: [m[K  â€˜[01m[Kbuiltin_interfaces::msg::Time[m[Kâ€™
[1.809s]   135 | using [01;36m[KTime[m[K =
[1.809s]       |       [01;36m[K^~~~[m[K
[2.736s] make[2]: *** [CMakeFiles/ros2_example.dir/build.make:76: CMakeFiles/ros2_example.dir/src/marker.cpp.o] Error 1
[2.736s] make[1]: *** [CMakeFiles/Makefile2:137: CMakeFiles/ros2_example.dir/all] Error 2
[2.736s] make: *** [Makefile:146: all] Error 2
[2.738s] Invoked command in '/home/wrdev/workspace/ros2_ws/build/example_pkg_c' returned '2': CMAKE_PREFIX_PATH=${CMAKE_PREFIX_PATH}:/opt/ros/galactic /usr/bin/cmake --build /home/wrdev/workspace/ros2_ws/build/example_pkg_c -- -j4 -l4
