[0.022s] Invoking command in '/home/wrdev/workspace/ros2_ws/build/example_pkg_c': CMAKE_PREFIX_PATH=${CMAKE_PREFIX_PATH}:/opt/ros/galactic /usr/bin/cmake --build /home/wrdev/workspace/ros2_ws/build/example_pkg_c -- -j4 -l4
[0.059s] [ 50%] [32mBuilding CXX object CMakeFiles/ros2_example.dir/src/example.cpp.o[0m
[1.619s] [01m[K/home/wrdev/workspace/ros2_ws/src/example_pkg_c/src/example.cpp:[m[K In constructor â€˜[01m[KHelloPublisher::HelloPublisher()[m[Kâ€™:
[1.619s] [01m[K/home/wrdev/workspace/ros2_ws/src/example_pkg_c/src/example.cpp:14:28:[m[K [01;31m[Kerror: [m[Kâ€˜[01m[Kstd::literals::chrono_literals::create_wall_timer[m[Kâ€™ is not a class member
[1.619s]    14 |             timer_ = this->[01;31m[Kstd[m[K::chrono_literals::create_wall_timer(
[1.619s]       |                            [01;31m[K^~~[m[K
[1.619s] [01m[K/home/wrdev/workspace/ros2_ws/src/example_pkg_c/src/example.cpp:15:13:[m[K [01;31m[Kerror: [m[Kunable to find numeric literal operator â€˜[01m[Koperator""ms[m[Kâ€™
[1.619s]    15 |             [01;31m[K500ms[m[K, std::bind(&HelloPublisher::timer_callback, this));
[1.619s]       |             [01;31m[K^~~~~[m[K
[2.483s] make[2]: *** [CMakeFiles/ros2_example.dir/build.make:76: CMakeFiles/ros2_example.dir/src/example.cpp.o] Error 1
[2.483s] make[1]: *** [CMakeFiles/Makefile2:137: CMakeFiles/ros2_example.dir/all] Error 2
[2.484s] make: *** [Makefile:146: all] Error 2
[2.485s] Invoked command in '/home/wrdev/workspace/ros2_ws/build/example_pkg_c' returned '2': CMAKE_PREFIX_PATH=${CMAKE_PREFIX_PATH}:/opt/ros/galactic /usr/bin/cmake --build /home/wrdev/workspace/ros2_ws/build/example_pkg_c -- -j4 -l4
