[ 50%] [32mBuilding CXX object CMakeFiles/ros2_example.dir/src/example.cpp.o[0m
[01m[K/home/wrdev/workspace/ros2_ws/src/example_pkg_c/src/example.cpp:[m[K In constructor â€˜[01m[KHelloPublisher::HelloPublisher()[m[Kâ€™:
[01m[K/home/wrdev/workspace/ros2_ws/src/example_pkg_c/src/example.cpp:12:99:[m[K [01;31m[Kerror: [m[Kno matching function for call to â€˜[01m[KHelloPublisher::create_wall_timer(int, std::_Bind_helper<false, void (HelloPublisher::*)(), HelloPublisher*>::type)[m[Kâ€™
   12 | l_timer(500, std::bind(&HelloPublisher::timer_callback, this)[01;31m[K)[m[K;
      |                                                              [01;31m[K^[m[K

In file included from [01m[K/opt/ros/galactic/include/rclcpp/executors/single_threaded_executor.hpp:28[m[K,
                 from [01m[K/opt/ros/galactic/include/rclcpp/executors.hpp:22[m[K,
                 from [01m[K/opt/ros/galactic/include/rclcpp/rclcpp.hpp:156[m[K,
                 from [01m[K/home/wrdev/workspace/ros2_ws/src/example_pkg_c/src/example.cpp:4[m[K:
[01m[K/opt/ros/galactic/include/rclcpp/node.hpp:248:3:[m[K [01;36m[Knote: [m[Kcandidate: â€˜[01m[Ktemplate<class DurationRepT, class DurationT, class CallbackT> typename rclcpp::WallTimer<CallbackT>::SharedPtr rclcpp::Node::create_wall_timer(std::chrono::duration<_Rep1, _Period1>, CallbackT, rclcpp::CallbackGroup::SharedPtr)[m[Kâ€™
  248 |   [01;36m[Kcreate_wall_timer[m[K(
      |   [01;36m[K^~~~~~~~~~~~~~~~~[m[K
[01m[K/opt/ros/galactic/include/rclcpp/node.hpp:248:3:[m[K [01;36m[Knote: [m[K  template argument deduction/substitution failed:
[01m[K/home/wrdev/workspace/ros2_ws/src/example_pkg_c/src/example.cpp:12:99:[m[K [01;36m[Knote: [m[K  mismatched types â€˜[01m[Kstd::chrono::duration<_Rep1, _Period1>[m[Kâ€™ and â€˜[01m[Kint[m[Kâ€™
   12 | l_timer(500, std::bind(&HelloPublisher::timer_callback, this)[01;36m[K)[m[K;
      |                                                              [01;36m[K^[m[K

make[2]: *** [CMakeFiles/ros2_example.dir/build.make:76: CMakeFiles/ros2_example.dir/src/example.cpp.o] Error 1
make[1]: *** [CMakeFiles/Makefile2:137: CMakeFiles/ros2_example.dir/all] Error 2
make: *** [Makefile:146: all] Error 2
