-- The C compiler identification is GNU 9.4.0
-- The CXX compiler identification is GNU 9.4.0
-- Detecting C compiler ABI info
-- Detecting C compiler ABI info - done
-- Check for working C compiler: /usr/bin/cc - skipped
-- Detecting C compile features
-- Detecting C compile features - done
-- Detecting CXX compiler ABI info
-- Detecting CXX compiler ABI info - done
-- Check for working CXX compiler: /usr/bin/c++ - skipped
-- Detecting CXX compile features
-- Detecting CXX compile features - done
-- Found ament_cmake: 1.1.6 (/opt/ros/galactic/share/ament_cmake/cmake)
-- Found PythonInterp: /usr/bin/python3 (found suitable version "3.8.10", minimum required is "3") 
-- Using PYTHON_EXECUTABLE: /usr/bin/python3
-- Found rclcpp: 9.2.2 (/opt/ros/galactic/share/rclcpp/cmake)
-- Using all available rosidl_typesupport_c: rosidl_typesupport_fastrtps_c;rosidl_typesupport_introspection_c
-- Found rosidl_adapter: 2.2.3 (/opt/ros/galactic/share/rosidl_adapter/cmake)
-- Found OpenSSL: /usr/lib/x86_64-linux-gnu/libcrypto.so (found version "1.1.1f")  
-- Found FastRTPS: /opt/ros/galactic/include  
-- Using all available rosidl_typesupport_cpp: rosidl_typesupport_fastrtps_cpp;rosidl_typesupport_introspection_cpp
-- Found rmw_implementation_cmake: 3.3.1 (/opt/ros/galactic/share/rmw_implementation_cmake/cmake)
-- Found rmw_cyclonedds_cpp: 0.22.6 (/opt/ros/galactic/share/rmw_cyclonedds_cpp/cmake)
-- Using RMW implementation 'rmw_cyclonedds_cpp' as default
-- Performing Test CMAKE_HAVE_LIBC_PTHREAD
-- Performing Test CMAKE_HAVE_LIBC_PTHREAD - Failed
-- Looking for pthread_create in pthreads
-- Looking for pthread_create in pthreads - not found
-- Looking for pthread_create in pthread
-- Looking for pthread_create in pthread - found
-- Found Threads: TRUE  
-- Found visualization_msgs: 2.2.4 (/opt/ros/galactic/share/visualization_msgs/cmake)
-- Found OpenCV: /usr (found version "4.2.0") 
-- Configuring done
-- Generating done
-- Build files have been written to: /home/wrdev/workspace/ros2_ws/build/rrt_marker_rviz
[ 40%] [32mBuilding CXX object CMakeFiles/rrt_marker_rviz.dir/src/rrt_display.cpp.o[0m
[ 40%] [32mBuilding CXX object CMakeFiles/rrt_marker_rviz.dir/src/rrt_marker.cpp.o[0m
[01m[K/home/wrdev/workspace/ros2_ws/src/rrt_marker_rviz/src/rrt_marker.cpp:1:10:[m[K [01;31m[Kfatal error: [m[Kexample_pkg_c/rrt_marker.hpp: No such file or directory
    1 | #include [01;31m[K"example_pkg_c/rrt_marker.hpp"[m[K
      |          [01;31m[K^~~~~~~~~~~~~~~~~~~~~~~~~~~~~~[m[K
compilation terminated.
make[2]: *** [CMakeFiles/rrt_marker_rviz.dir/build.make:76: CMakeFiles/rrt_marker_rviz.dir/src/rrt_marker.cpp.o] Error 1
make[2]: *** Waiting for unfinished jobs....
[01m[K/home/wrdev/workspace/ros2_ws/src/rrt_marker_rviz/src/rrt_display.cpp:3:10:[m[K [01;31m[Kfatal error: [m[Kexample_pkg_c/rrt_marker.hpp: No such file or directory
    3 | #include [01;31m[K"example_pkg_c/rrt_marker.hpp"[m[K
      |          [01;31m[K^~~~~~~~~~~~~~~~~~~~~~~~~~~~~~[m[K
compilation terminated.
make[2]: *** [CMakeFiles/rrt_marker_rviz.dir/build.make:90: CMakeFiles/rrt_marker_rviz.dir/src/rrt_display.cpp.o] Error 1
make[1]: *** [CMakeFiles/Makefile2:139: CMakeFiles/rrt_marker_rviz.dir/all] Error 2
make: *** [Makefile:146: all] Error 2
