[0.025s] Invoking command in '/home/wrdev/workspace/ros2_ws/build/rrt_marker_rviz': CMAKE_PREFIX_PATH=/opt/ros/galactic /usr/bin/cmake /home/wrdev/workspace/ros2_ws/src/rrt_marker_rviz -DCMAKE_INSTALL_PREFIX=/home/wrdev/workspace/ros2_ws/install/rrt_marker_rviz
[0.111s] -- The C compiler identification is GNU 9.4.0
[0.176s] -- The CXX compiler identification is GNU 9.4.0
[0.189s] -- Detecting C compiler ABI info
[0.254s] -- Detecting C compiler ABI info - done
[0.264s] -- Check for working C compiler: /usr/bin/cc - skipped
[0.264s] -- Detecting C compile features
[0.264s] -- Detecting C compile features - done
[0.268s] -- Detecting CXX compiler ABI info
[0.356s] -- Detecting CXX compiler ABI info - done
[0.365s] -- Check for working CXX compiler: /usr/bin/c++ - skipped
[0.366s] -- Detecting CXX compile features
[0.366s] -- Detecting CXX compile features - done
[0.372s] -- Found ament_cmake: 1.1.6 (/opt/ros/galactic/share/ament_cmake/cmake)
[0.401s] -- Found PythonInterp: /usr/bin/python3 (found suitable version "3.8.10", minimum required is "3") 
[0.402s] -- Using PYTHON_EXECUTABLE: /usr/bin/python3
[0.515s] -- Found rclcpp: 9.2.2 (/opt/ros/galactic/share/rclcpp/cmake)
[0.607s] -- Using all available rosidl_typesupport_c: rosidl_typesupport_fastrtps_c;rosidl_typesupport_introspection_c
[0.616s] -- Found rosidl_adapter: 2.2.3 (/opt/ros/galactic/share/rosidl_adapter/cmake)
[0.715s] -- Found OpenSSL: /usr/lib/x86_64-linux-gnu/libcrypto.so (found version "1.1.1f")  
[0.750s] -- Found FastRTPS: /opt/ros/galactic/include  
[0.844s] -- Using all available rosidl_typesupport_cpp: rosidl_typesupport_fastrtps_cpp;rosidl_typesupport_introspection_cpp
[0.915s] -- Found rmw_implementation_cmake: 3.3.1 (/opt/ros/galactic/share/rmw_implementation_cmake/cmake)
[0.920s] -- Found rmw_cyclonedds_cpp: 0.22.6 (/opt/ros/galactic/share/rmw_cyclonedds_cpp/cmake)
[0.941s] -- Using RMW implementation 'rmw_cyclonedds_cpp' as default
[0.942s] -- Performing Test CMAKE_HAVE_LIBC_PTHREAD
[1.017s] -- Performing Test CMAKE_HAVE_LIBC_PTHREAD - Failed
[1.017s] -- Looking for pthread_create in pthreads
[1.074s] -- Looking for pthread_create in pthreads - not found
[1.074s] -- Looking for pthread_create in pthread
[1.143s] -- Looking for pthread_create in pthread - found
[1.145s] -- Found Threads: TRUE  
[1.305s] -- Found visualization_msgs: 2.2.4 (/opt/ros/galactic/share/visualization_msgs/cmake)
[1.427s] -- Found OpenCV: /usr (found version "4.2.0") 
[1.497s] -- Configuring done
[1.519s] -- Generating done
[1.521s] -- Build files have been written to: /home/wrdev/workspace/ros2_ws/build/rrt_marker_rviz
[1.533s] Invoked command in '/home/wrdev/workspace/ros2_ws/build/rrt_marker_rviz' returned '0': CMAKE_PREFIX_PATH=/opt/ros/galactic /usr/bin/cmake /home/wrdev/workspace/ros2_ws/src/rrt_marker_rviz -DCMAKE_INSTALL_PREFIX=/home/wrdev/workspace/ros2_ws/install/rrt_marker_rviz
[1.535s] Invoking command in '/home/wrdev/workspace/ros2_ws/build/rrt_marker_rviz': CMAKE_PREFIX_PATH=/opt/ros/galactic /usr/bin/cmake --build /home/wrdev/workspace/ros2_ws/build/rrt_marker_rviz -- -j4 -l4
[1.564s] [ 40%] [32mBuilding CXX object CMakeFiles/rrt_marker_rviz.dir/src/rrt_display.cpp.o[0m
[1.565s] [ 40%] [32mBuilding CXX object CMakeFiles/rrt_marker_rviz.dir/src/rrt_marker.cpp.o[0m
[1.574s] [01m[K/home/wrdev/workspace/ros2_ws/src/rrt_marker_rviz/src/rrt_marker.cpp:1:10:[m[K [01;31m[Kfatal error: [m[Kexample_pkg_c/rrt_marker.hpp: No such file or directory
[1.575s]     1 | #include [01;31m[K"example_pkg_c/rrt_marker.hpp"[m[K
[1.575s]       |          [01;31m[K^~~~~~~~~~~~~~~~~~~~~~~~~~~~~~[m[K
[1.575s] compilation terminated.
[1.575s] make[2]: *** [CMakeFiles/rrt_marker_rviz.dir/build.make:76: CMakeFiles/rrt_marker_rviz.dir/src/rrt_marker.cpp.o] Error 1
[1.576s] make[2]: *** Waiting for unfinished jobs....
[1.617s] [01m[K/home/wrdev/workspace/ros2_ws/src/rrt_marker_rviz/src/rrt_display.cpp:3:10:[m[K [01;31m[Kfatal error: [m[Kexample_pkg_c/rrt_marker.hpp: No such file or directory
[1.617s]     3 | #include [01;31m[K"example_pkg_c/rrt_marker.hpp"[m[K
[1.617s]       |          [01;31m[K^~~~~~~~~~~~~~~~~~~~~~~~~~~~~~[m[K
[1.618s] compilation terminated.
[1.619s] make[2]: *** [CMakeFiles/rrt_marker_rviz.dir/build.make:90: CMakeFiles/rrt_marker_rviz.dir/src/rrt_display.cpp.o] Error 1
[1.620s] make[1]: *** [CMakeFiles/Makefile2:139: CMakeFiles/rrt_marker_rviz.dir/all] Error 2
[1.620s] make: *** [Makefile:146: all] Error 2
[1.621s] Invoked command in '/home/wrdev/workspace/ros2_ws/build/rrt_marker_rviz' returned '2': CMAKE_PREFIX_PATH=/opt/ros/galactic /usr/bin/cmake --build /home/wrdev/workspace/ros2_ws/build/rrt_marker_rviz -- -j4 -l4
