[0.024s] Invoking command in '/home/wrdev/workspace/ros2_ws/build/example_pkg_c': CMAKE_PREFIX_PATH=${CMAKE_PREFIX_PATH}:/opt/ros/galactic /usr/bin/cmake --build /home/wrdev/workspace/ros2_ws/build/example_pkg_c -- -j4 -l4
[0.063s] [ 50%] [32mBuilding CXX object CMakeFiles/ros2_example.dir/src/marker.cpp.o[0m
[1.800s] [01m[K/home/wrdev/workspace/ros2_ws/src/example_pkg_c/src/marker.cpp:[m[K In function â€˜[01m[Kint main(int, char**)[m[Kâ€™:
[1.800s] [01m[K/home/wrdev/workspace/ros2_ws/src/example_pkg_c/src/marker.cpp:32:95:[m[K [01;31m[Kerror: [m[Kexpected primary-expression before â€˜[01m[Krclcpp[m[Kâ€™
[1.800s]    32 | e_strip.header.stamp = line_list.header.stamp = rclcpp::Time [01;31m[Krclcpp[m[K::Node::now();
[1.801s]       |                                                              [01;31m[K^~~~~~[m[K
[1.801s] 
[2.701s] make[2]: *** [CMakeFiles/ros2_example.dir/build.make:76: CMakeFiles/ros2_example.dir/src/marker.cpp.o] Error 1
[2.701s] make[1]: *** [CMakeFiles/Makefile2:137: CMakeFiles/ros2_example.dir/all] Error 2
[2.701s] make: *** [Makefile:146: all] Error 2
[2.703s] Invoked command in '/home/wrdev/workspace/ros2_ws/build/example_pkg_c' returned '2': CMAKE_PREFIX_PATH=${CMAKE_PREFIX_PATH}:/opt/ros/galactic /usr/bin/cmake --build /home/wrdev/workspace/ros2_ws/build/example_pkg_c -- -j4 -l4
