[0.021s] Invoking command in '/home/wrdev/workspace/ros2_ws/build/example_pkg_c': CMAKE_PREFIX_PATH=/opt/ros/galactic /usr/bin/cmake --build /home/wrdev/workspace/ros2_ws/build/example_pkg_c -- -j4 -l4
[0.043s] -- Found ament_cmake: 1.1.6 (/opt/ros/galactic/share/ament_cmake/cmake)
[0.064s] -- Using PYTHON_EXECUTABLE: /usr/bin/python3
[0.131s] -- Found rclcpp: 9.2.2 (/opt/ros/galactic/share/rclcpp/cmake)
[0.166s] -- Using all available rosidl_typesupport_c: rosidl_typesupport_fastrtps_c;rosidl_typesupport_introspection_c
[0.169s] -- Found rosidl_adapter: 2.2.3 (/opt/ros/galactic/share/rosidl_adapter/cmake)
[0.297s] -- Using all available rosidl_typesupport_cpp: rosidl_typesupport_fastrtps_cpp;rosidl_typesupport_introspection_cpp
[0.343s] -- Found rmw_implementation_cmake: 3.3.1 (/opt/ros/galactic/share/rmw_implementation_cmake/cmake)
[0.345s] -- Found rmw_cyclonedds_cpp: 0.22.6 (/opt/ros/galactic/share/rmw_cyclonedds_cpp/cmake)
[0.361s] -- Using RMW implementation 'rmw_cyclonedds_cpp' as default
[0.481s] -- Found visualization_msgs: 2.2.4 (/opt/ros/galactic/share/visualization_msgs/cmake)
[0.637s] -- Configuring done
[0.648s] -- Generating done
[0.650s] -- Build files have been written to: /home/wrdev/workspace/ros2_ws/build/example_pkg_c
[0.669s] [ 50%] [32mBuilding CXX object CMakeFiles/ros2_example.dir/src/marker.cpp.o[0m
[2.458s] [01m[K/home/wrdev/workspace/ros2_ws/src/example_pkg_c/src/marker.cpp:[m[K In member function â€˜[01m[Kvoid MarkerPublisher::marker_test_callback()[m[Kâ€™:
[2.458s] [01m[K/home/wrdev/workspace/ros2_ws/src/example_pkg_c/src/marker.cpp:21:82:[m[K [01;31m[Kerror: [m[Kâ€˜[01m[Kros[m[Kâ€™ has not been declared
[2.458s]    21 | er.stamp = line_strip.header.stamp = line_list.header.stamp = [01;31m[Kros[m[K::Time::now();
[2.459s]       |                                                               [01;31m[K^~~[m[K
[2.459s] 
[3.225s] make[2]: *** [CMakeFiles/ros2_example.dir/build.make:76: CMakeFiles/ros2_example.dir/src/marker.cpp.o] Error 1
[3.226s] make[1]: *** [CMakeFiles/Makefile2:137: CMakeFiles/ros2_example.dir/all] Error 2
[3.226s] make: *** [Makefile:146: all] Error 2
[3.228s] Invoked command in '/home/wrdev/workspace/ros2_ws/build/example_pkg_c' returned '2': CMAKE_PREFIX_PATH=/opt/ros/galactic /usr/bin/cmake --build /home/wrdev/workspace/ros2_ws/build/example_pkg_c -- -j4 -l4
