[0.020s] Invoking command in '/home/wrdev/workspace/ros2_ws/build/example_pkg_c': CMAKE_PREFIX_PATH=/opt/ros/galactic /usr/bin/cmake --build /home/wrdev/workspace/ros2_ws/build/example_pkg_c -- -j4 -l4
[0.055s] [ 50%] [32mBuilding CXX object CMakeFiles/ros2_example.dir/src/example.cpp.o[0m
[1.594s] [01m[K/home/wrdev/workspace/ros2_ws/src/example_pkg_c/src/example.cpp:[m[K In constructor â€˜[01m[KHelloPublisher::HelloPublisher()[m[Kâ€™:
[1.594s] [01m[K/home/wrdev/workspace/ros2_ws/src/example_pkg_c/src/example.cpp:12:46:[m[K [01;31m[Kerror: [m[Kunable to find numeric literal operator â€˜[01m[Koperator""ms[m[Kâ€™
[1.594s]    12 |             timer_ = this->create_wall_timer([01;31m[K500ms[m[K, std::bind(&HelloPublisher::timer_callback, this));
[1.594s]       |                                              [01;31m[K^~~~~[m[K
[1.594s] [01m[K/home/wrdev/workspace/ros2_ws/src/example_pkg_c/src/example.cpp:12:80:[m[K [01;31m[Kerror: [m[Kâ€˜[01m[Ktimer_callback[m[Kâ€™ is not a member of â€˜[01m[KHelloPublisher[m[Kâ€™
[1.594s]    12 |  = this->create_wall_timer(500ms, std::bind(&HelloPublisher::[01;31m[Ktimer_callback[m[K, this));
[1.594s]       |                                                              [01;31m[K^~~~~~~~~~~~~~[m[K
[1.594s] 
[2.445s] make[2]: *** [CMakeFiles/ros2_example.dir/build.make:76: CMakeFiles/ros2_example.dir/src/example.cpp.o] Error 1
[2.445s] make[1]: *** [CMakeFiles/Makefile2:137: CMakeFiles/ros2_example.dir/all] Error 2
[2.446s] make: *** [Makefile:146: all] Error 2
[2.447s] Invoked command in '/home/wrdev/workspace/ros2_ws/build/example_pkg_c' returned '2': CMAKE_PREFIX_PATH=/opt/ros/galactic /usr/bin/cmake --build /home/wrdev/workspace/ros2_ws/build/example_pkg_c -- -j4 -l4
